<?xml version="1.0" encoding="UTF-8"?>
<testng-results ignored="0" total="1" passed="1" failed="0" skipped="0">
  <reporter-output>
  </reporter-output>
  <suite started-at="2024-07-24T00:13:17 BST" name="Default suite" finished-at="2024-07-24T00:13:28 BST" duration-ms="11064">
    <groups>
      <group name="cucumber">
        <method signature="AbstractTestNGCucumberTests.runScenario(io.cucumber.testng.PickleWrapper,io.cucumber.testng.FeatureWrapper)[pri:0, instance:cucumberOptions.TestNGRunner@2a5c8d3f]" name="runScenario" class="io.cucumber.testng.AbstractTestNGCucumberTests"/>
      </group> <!-- cucumber -->
    </groups>
    <test started-at="2024-07-24T00:13:17 BST" name="Default test" finished-at="2024-07-24T00:13:28 BST" duration-ms="11064">
      <class name="cucumberOptions.TestNGRunner">
        <test-method is-config="true" signature="setUpClass(org.testng.ITestContext)[pri:0, instance:cucumberOptions.TestNGRunner@2a5c8d3f]" started-at="2024-07-24T00:13:17 BST" name="setUpClass" finished-at="2024-07-24T00:13:18 BST" duration-ms="728" status="PASS">
          <params>
            <param index="0">
              <value>
                <![CDATA[org.testng.TestRunner@3f4b840d]]>
              </value>
            </param>
          </params>
          <reporter-output>
          </reporter-output>
        </test-method> <!-- setUpClass -->
        <test-method signature="runScenario(io.cucumber.testng.PickleWrapper,io.cucumber.testng.FeatureWrapper)[pri:0, instance:cucumberOptions.TestNGRunner@2a5c8d3f]" started-at="2024-07-24T00:13:18 BST" name="runScenario" description="Runs Cucumber Scenarios" data-provider="scenarios" finished-at="2024-07-24T00:13:28 BST" duration-ms="10234" status="PASS">
          <params>
            <param index="0">
              <value>
                <![CDATA["Verify device price dropdown loads"]]>
              </value>
            </param>
            <param index="1">
              <value>
                <![CDATA["Selenium automation challenge"]]>
              </value>
            </param>
          </params>
          <reporter-output>
          </reporter-output>
        </test-method> <!-- runScenario -->
        <test-method is-config="true" signature="tearDownClass()[pri:0, instance:cucumberOptions.TestNGRunner@2a5c8d3f]" started-at="2024-07-24T00:13:28 BST" name="tearDownClass" finished-at="2024-07-24T00:13:28 BST" duration-ms="32" status="PASS">
          <reporter-output>
          </reporter-output>
        </test-method> <!-- tearDownClass -->
      </class> <!-- cucumberOptions.TestNGRunner -->
    </test> <!-- Default test -->
  </suite> <!-- Default suite -->
</testng-results>
