<?xml version="1.0" encoding="UTF-8"?>
<testng-results ignored="0" total="1" passed="1" failed="0" skipped="0">
  <reporter-output>
  </reporter-output>
  <suite started-at="2024-07-25T16:07:08 BST" name="Default suite" finished-at="2024-07-25T16:07:41 BST" duration-ms="33540">
    <groups>
      <group name="cucumber">
        <method signature="AbstractTestNGCucumberTests.runScenario(io.cucumber.testng.PickleWrapper,io.cucumber.testng.FeatureWrapper)[pri:0, instance:cucumberOptions.TestNGRunner@45c7e403]" name="runScenario" class="io.cucumber.testng.AbstractTestNGCucumberTests"/>
      </group> <!-- cucumber -->
    </groups>
    <test started-at="2024-07-25T16:07:08 BST" name="Default test" finished-at="2024-07-25T16:07:41 BST" duration-ms="33540">
      <class name="cucumberOptions.TestNGRunner">
        <test-method is-config="true" signature="setUpClass(org.testng.ITestContext)[pri:0, instance:cucumberOptions.TestNGRunner@45c7e403]" started-at="2024-07-25T16:07:08 BST" name="setUpClass" finished-at="2024-07-25T16:07:09 BST" duration-ms="929" status="PASS">
          <params>
            <param index="0">
              <value>
                <![CDATA[org.testng.TestRunner@c1fca2a]]>
              </value>
            </param>
          </params>
          <reporter-output>
          </reporter-output>
        </test-method> <!-- setUpClass -->
        <test-method signature="runScenario(io.cucumber.testng.PickleWrapper,io.cucumber.testng.FeatureWrapper)[pri:0, instance:cucumberOptions.TestNGRunner@45c7e403]" started-at="2024-07-25T16:07:09 BST" name="runScenario" description="Runs Cucumber Scenarios" data-provider="scenarios" finished-at="2024-07-25T16:07:41 BST" duration-ms="32505" status="PASS">
          <params>
            <param index="0">
              <value>
                <![CDATA["Verify device price dropdown loads"]]>
              </value>
            </param>
            <param index="1">
              <value>
                <![CDATA["Selenium automation challenge"]]>
              </value>
            </param>
          </params>
          <reporter-output>
          </reporter-output>
        </test-method> <!-- runScenario -->
        <test-method is-config="true" signature="tearDownClass()[pri:0, instance:cucumberOptions.TestNGRunner@45c7e403]" started-at="2024-07-25T16:07:41 BST" name="tearDownClass" finished-at="2024-07-25T16:07:41 BST" duration-ms="32" status="PASS">
          <reporter-output>
          </reporter-output>
        </test-method> <!-- tearDownClass -->
      </class> <!-- cucumberOptions.TestNGRunner -->
    </test> <!-- Default test -->
  </suite> <!-- Default suite -->
</testng-results>
